This file contains any messages produced by compilers while
running configure, to aid debugging if configure makes a mistake.

It was created by leptonica configure 1.76.0, which was
generated by GNU Autoconf 2.69.  Invocation command line was

  $ ./configure --without-giflib

## --------- ##
## Platform. ##
## --------- ##

hostname = Product-Teams-MacBook-Pro.local
uname -m = x86_64
uname -r = 18.0.0
uname -s = Darwin
uname -v = Darwin Kernel Version 18.0.0: Wed Aug 22 20:13:40 PDT 2018; root:xnu-4903.201.2~1/RELEASE_X86_64

/usr/bin/uname -p = i386
/bin/uname -X     = unknown

/bin/arch              = unknown
/usr/bin/arch -k       = unknown
/usr/convex/getsysinfo = unknown
/usr/bin/hostinfo      = Mach kernel version:
	 Darwin Kernel Version 18.0.0: Wed Aug 22 20:13:40 PDT 2018; root:xnu-4903.201.2~1/RELEASE_X86_64
Kernel configured for up to 4 processors.
2 processors are physically available.
4 processors are logically available.
Processor type: x86_64h (Intel x86-64h Haswell)
Processors active: 0 1 2 3
Primary memory available: 8.00 gigabytes
Default processor set: 353 tasks, 1210 threads, 4 processors
Load average: 1.28, Mach factor: 2.73
/bin/machine           = unknown
/usr/bin/oslevel       = unknown
/bin/universe          = unknown

PATH: /Users/C2lBiz/.rvm/gems/ruby-2.3.4/bin
PATH: /Users/C2lBiz/.rvm/gems/ruby-2.3.4@global/bin
PATH: /Users/C2lBiz/.rvm/rubies/ruby-2.3.4/bin
PATH: /usr/local/bin
PATH: /usr/bin
PATH: /bin
PATH: /usr/sbin
PATH: /sbin
PATH: /usr/local/share/dotnet
PATH: ~/.dotnet/tools
PATH: /Library/Frameworks/Mono.framework/Versions/Current/Commands
PATH: /Applications/Xamarin Workbooks.app/Contents/SharedSupport/path-bin
PATH: /Users/C2lBiz/Library/Android/sdk/platform-tools
PATH: /Users/C2lBiz/Library/Android/sdk/tools
PATH: /Applications/Android Studio.app/Contents/gradle/gradle-4.4/bin
PATH: /Users/C2lBiz/apache-maven-3.5.3/bin
PATH: /Users/C2lBiz/.rvm/gems/ruby-1.9.3-p551/gems/rhodes-oss/bin
PATH: /Users/C2lBiz/.rvm/bin


## ----------- ##
## Core tests. ##
## ----------- ##

configure:2418: checking build system type
configure:2432: result: x86_64-apple-darwin18.0.0
configure:2452: checking host system type
configure:2465: result: x86_64-apple-darwin18.0.0
configure:2506: checking how to print strings
configure:2533: result: printf
configure:2605: checking for gcc
configure:2621: found /usr/bin/gcc
configure:2632: result: gcc
configure:2861: checking for C compiler version
configure:2870: gcc --version >&5
Apple LLVM version 9.1.0 (clang-902.0.39.2)
Target: x86_64-apple-darwin18.0.0
Thread model: posix
InstalledDir: /Applications/Xcode.app/Contents/Developer/Toolchains/XcodeDefault.xctoolchain/usr/bin
Configured with: --prefix=/Applications/Xcode.app/Contents/Developer/usr --with-gxx-include-dir=/Applications/Xcode.app/Contents/Developer/Platforms/MacOSX.platform/Developer/SDKs/MacOSX10.13.sdk/usr/include/c++/4.2.1
configure:2881: $? = 0
configure:2870: gcc -v >&5
Configured with: --prefix=/Applications/Xcode.app/Contents/Developer/usr --with-gxx-include-dir=/Applications/Xcode.app/Contents/Developer/Platforms/MacOSX.platform/Developer/SDKs/MacOSX10.13.sdk/usr/include/c++/4.2.1
Apple LLVM version 9.1.0 (clang-902.0.39.2)
Target: x86_64-apple-darwin18.0.0
Thread model: posix
InstalledDir: /Applications/Xcode.app/Contents/Developer/Toolchains/XcodeDefault.xctoolchain/usr/bin
configure:2881: $? = 0
configure:2870: gcc -V >&5
clang: error: argument to '-V' is missing (expected 1 value)
clang: error: no input files
configure:2881: $? = 1
configure:2870: gcc -qversion >&5
clang: error: unknown argument: '-qversion'
clang: error: no input files
configure:2881: $? = 1
configure:2901: checking whether the C compiler works
configure:2923: gcc    conftest.c  >&5
configure:2927: $? = 0
configure:2975: result: yes
configure:2978: checking for C compiler default output file name
configure:2980: result: a.out
configure:2986: checking for suffix of executables
configure:2993: gcc -o conftest    conftest.c  >&5
configure:2997: $? = 0
configure:3019: result: 
configure:3041: checking whether we are cross compiling
configure:3049: gcc -o conftest    conftest.c  >&5
configure:3053: $? = 0
configure:3060: ./conftest
configure:3064: $? = 0
configure:3079: result: no
configure:3084: checking for suffix of object files
configure:3106: gcc -c   conftest.c >&5
configure:3110: $? = 0
configure:3131: result: o
configure:3135: checking whether we are using the GNU C compiler
configure:3154: gcc -c   conftest.c >&5
configure:3154: $? = 0
configure:3163: result: yes
configure:3172: checking whether gcc accepts -g
configure:3192: gcc -c -g  conftest.c >&5
configure:3192: $? = 0
configure:3233: result: yes
configure:3250: checking for gcc option to accept ISO C89
configure:3313: gcc  -c -g -O2  conftest.c >&5
configure:3313: $? = 0
configure:3326: result: none needed
configure:3351: checking whether gcc understands -c and -o together
configure:3373: gcc -c conftest.c -o conftest2.o
configure:3376: $? = 0
configure:3373: gcc -c conftest.c -o conftest2.o
configure:3376: $? = 0
configure:3388: result: yes
configure:3405: checking for a sed that does not truncate output
configure:3469: result: /usr/bin/sed
configure:3487: checking for grep that handles long lines and -e
configure:3545: result: /usr/bin/grep
configure:3550: checking for egrep
configure:3612: result: /usr/bin/grep -E
configure:3617: checking for fgrep
configure:3679: result: /usr/bin/grep -F
configure:3714: checking for ld used by gcc
configure:3781: result: /Applications/Xcode.app/Contents/Developer/Toolchains/XcodeDefault.xctoolchain/usr/bin/ld
configure:3788: checking if the linker (/Applications/Xcode.app/Contents/Developer/Toolchains/XcodeDefault.xctoolchain/usr/bin/ld) is GNU ld
configure:3803: result: no
configure:3815: checking for BSD- or MS-compatible name lister (nm)
configure:3869: result: /usr/bin/nm -B
configure:3999: checking the name lister (/usr/bin/nm -B) interface
configure:4006: gcc -c -g -O2  conftest.c >&5
configure:4009: /usr/bin/nm -B "conftest.o"
configure:4012: output
00000000000001e0 S _some_variable
configure:4019: result: BSD nm
configure:4022: checking whether ln -s works
configure:4026: result: yes
configure:4034: checking the maximum length of command line arguments
configure:4165: result: 196608
configure:4213: checking how to convert x86_64-apple-darwin18.0.0 file names to x86_64-apple-darwin18.0.0 format
configure:4253: result: func_convert_file_noop
configure:4260: checking how to convert x86_64-apple-darwin18.0.0 file names to toolchain format
configure:4280: result: func_convert_file_noop
configure:4287: checking for /Applications/Xcode.app/Contents/Developer/Toolchains/XcodeDefault.xctoolchain/usr/bin/ld option to reload object files
configure:4294: result: -r
configure:4368: checking for objdump
configure:4384: found /usr/bin/objdump
configure:4395: result: objdump
configure:4427: checking how to recognize dependent libraries
configure:4627: result: pass_all
configure:4712: checking for dlltool
configure:4742: result: no
configure:4772: checking how to associate runtime and link libraries
configure:4799: result: printf %s\n
configure:4860: checking for ar
configure:4876: found /usr/bin/ar
configure:4887: result: ar
configure:4924: checking for archiver @FILE support
configure:4941: gcc -c -g -O2  conftest.c >&5
configure:4941: $? = 0
configure:4944: ar cru libconftest.a @conftest.lst >&5
ar: @conftest.lst: No such file or directory
configure:4947: $? = 1
configure:4967: result: no
configure:5025: checking for strip
configure:5041: found /usr/bin/strip
configure:5052: result: strip
configure:5124: checking for ranlib
configure:5140: found /usr/bin/ranlib
configure:5151: result: ranlib
configure:5228: checking for gawk
configure:5258: result: no
configure:5228: checking for mawk
configure:5258: result: no
configure:5228: checking for nawk
configure:5258: result: no
configure:5228: checking for awk
configure:5244: found /usr/bin/awk
configure:5255: result: awk
configure:5295: checking command to parse /usr/bin/nm -B output from gcc object
configure:5448: gcc -c -g -O2  conftest.c >&5
configure:5451: $? = 0
configure:5455: /usr/bin/nm -B conftest.o \| sed -n -e 's/^.*[ ]\([BCDEGRST][BCDEGRST]*\)[ ][ ]*\([_A-Za-z][_A-Za-z0-9]*\)$/\1 \2 \2/p' | sed '/ __gnu_lto/d' \> conftest.nm
configure:5458: $? = 0
cannot find nm_test_var in conftest.nm
configure:5448: gcc -c -g -O2  conftest.c >&5
configure:5451: $? = 0
configure:5455: /usr/bin/nm -B conftest.o \| sed -n -e 's/^.*[ ]\([BCDEGRST][BCDEGRST]*\)[ ][ ]*_\([_A-Za-z][_A-Za-z0-9]*\)$/\1 _\2 \2/p' | sed '/ __gnu_lto/d' \> conftest.nm
configure:5458: $? = 0
configure:5524: gcc -o conftest -g -O2   conftest.c conftstm.o >&5
warning: (x86_64)  could not find object file symbol for symbol _main
configure:5527: $? = 0
configure:5565: result: ok
configure:5612: checking for sysroot
configure:5642: result: no
configure:5649: checking for a working dd
configure:5687: result: /bin/dd
configure:5691: checking how to truncate binary pipes
configure:5706: result: /bin/dd bs=4096 count=1
configure:6035: checking for mt
configure:6065: result: no
configure:6085: checking if : is a manifest tool
configure:6091: : '-?'
configure:6099: result: no
configure:6155: checking for dsymutil
configure:6171: found /usr/bin/dsymutil
configure:6182: result: dsymutil
configure:6247: checking for nmedit
configure:6263: found /usr/bin/nmedit
configure:6274: result: nmedit
configure:6339: checking for lipo
configure:6355: found /usr/bin/lipo
configure:6366: result: lipo
configure:6431: checking for otool
configure:6447: found /usr/bin/otool
configure:6458: result: otool
configure:6523: checking for otool64
configure:6553: result: no
configure:6598: checking for -single_module linker flag
gcc -g -O2  -o libconftest.dylib -dynamiclib -Wl,-single_module conftest.c
configure:6631: result: yes
configure:6634: checking for -exported_symbols_list linker flag
configure:6654: gcc -o conftest -g -O2   -Wl,-exported_symbols_list,conftest.sym conftest.c  >&5
configure:6654: $? = 0
configure:6664: result: yes
configure:6667: checking for -force_load linker flag
gcc -g -O2 -c -o conftest.o conftest.c
ar cru libconftest.a conftest.o
ranlib libconftest.a
gcc -g -O2  -o conftest conftest.c -Wl,-force_load,./libconftest.a
configure:6699: result: yes
configure:6776: checking how to run the C preprocessor
configure:6807: gcc -E  conftest.c
configure:6807: $? = 0
configure:6821: gcc -E  conftest.c
conftest.c:9:10: fatal error: 'ac_nonexistent.h' file not found
#include <ac_nonexistent.h>
         ^~~~~~~~~~~~~~~~~~
1 error generated.
configure:6821: $? = 1
configure: failed program was:
| /* confdefs.h */
| #define PACKAGE_NAME "leptonica"
| #define PACKAGE_TARNAME "leptonica"
| #define PACKAGE_VERSION "1.76.0"
| #define PACKAGE_STRING "leptonica 1.76.0"
| #define PACKAGE_BUGREPORT ""
| #define PACKAGE_URL ""
| /* end confdefs.h.  */
| #include <ac_nonexistent.h>
configure:6846: result: gcc -E
configure:6866: gcc -E  conftest.c
configure:6866: $? = 0
configure:6880: gcc -E  conftest.c
conftest.c:9:10: fatal error: 'ac_nonexistent.h' file not found
#include <ac_nonexistent.h>
         ^~~~~~~~~~~~~~~~~~
1 error generated.
configure:6880: $? = 1
configure: failed program was:
| /* confdefs.h */
| #define PACKAGE_NAME "leptonica"
| #define PACKAGE_TARNAME "leptonica"
| #define PACKAGE_VERSION "1.76.0"
| #define PACKAGE_STRING "leptonica 1.76.0"
| #define PACKAGE_BUGREPORT ""
| #define PACKAGE_URL ""
| /* end confdefs.h.  */
| #include <ac_nonexistent.h>
configure:6909: checking for ANSI C header files
configure:6929: gcc -c -g -O2  conftest.c >&5
configure:6929: $? = 0
configure:7002: gcc -o conftest -g -O2   conftest.c  >&5
configure:7002: $? = 0
configure:7002: ./conftest
configure:7002: $? = 0
configure:7013: result: yes
configure:7026: checking for sys/types.h
configure:7026: gcc -c -g -O2  conftest.c >&5
configure:7026: $? = 0
configure:7026: result: yes
configure:7026: checking for sys/stat.h
configure:7026: gcc -c -g -O2  conftest.c >&5
configure:7026: $? = 0
configure:7026: result: yes
configure:7026: checking for stdlib.h
configure:7026: gcc -c -g -O2  conftest.c >&5
configure:7026: $? = 0
configure:7026: result: yes
configure:7026: checking for string.h
configure:7026: gcc -c -g -O2  conftest.c >&5
configure:7026: $? = 0
configure:7026: result: yes
configure:7026: checking for memory.h
configure:7026: gcc -c -g -O2  conftest.c >&5
configure:7026: $? = 0
configure:7026: result: yes
configure:7026: checking for strings.h
configure:7026: gcc -c -g -O2  conftest.c >&5
configure:7026: $? = 0
configure:7026: result: yes
configure:7026: checking for inttypes.h
configure:7026: gcc -c -g -O2  conftest.c >&5
configure:7026: $? = 0
configure:7026: result: yes
configure:7026: checking for stdint.h
configure:7026: gcc -c -g -O2  conftest.c >&5
configure:7026: $? = 0
configure:7026: result: yes
configure:7026: checking for unistd.h
configure:7026: gcc -c -g -O2  conftest.c >&5
configure:7026: $? = 0
configure:7026: result: yes
configure:7040: checking for dlfcn.h
configure:7040: gcc -c -g -O2  conftest.c >&5
configure:7040: $? = 0
configure:7040: result: yes
configure:7296: checking for objdir
configure:7311: result: .libs
configure:7575: checking if gcc supports -fno-rtti -fno-exceptions
configure:7593: gcc -c -g -O2  -fno-rtti -fno-exceptions conftest.c >&5
configure:7597: $? = 0
configure:7610: result: yes
configure:7968: checking for gcc option to produce PIC
configure:7975: result: -fno-common -DPIC
configure:7983: checking if gcc PIC flag -fno-common -DPIC works
configure:8001: gcc -c -g -O2  -fno-common -DPIC -DPIC conftest.c >&5
configure:8005: $? = 0
configure:8018: result: yes
configure:8047: checking if gcc static flag -static works
configure:8075: result: no
configure:8090: checking if gcc supports -c -o file.o
configure:8111: gcc -c -g -O2  -o out/conftest2.o conftest.c >&5
configure:8115: $? = 0
configure:8137: result: yes
configure:8145: checking if gcc supports -c -o file.o
configure:8192: result: yes
configure:8225: checking whether the gcc linker (/Applications/Xcode.app/Contents/Developer/Toolchains/XcodeDefault.xctoolchain/usr/bin/ld) supports shared libraries
configure:9488: result: yes
configure:9728: checking dynamic linker characteristics
configure:10558: result: darwin18.0.0 dyld
configure:10680: checking how to hardcode library paths into programs
configure:10705: result: immediate
configure:11253: checking whether stripping libraries is possible
configure:11267: result: yes
configure:11293: checking if libtool supports shared libraries
configure:11295: result: yes
configure:11298: checking whether to build shared libraries
configure:11323: result: yes
configure:11326: checking whether to build static libraries
configure:11330: result: yes
configure:11384: checking for a BSD-compatible install
configure:11452: result: /usr/local/bin/ginstall -c
configure:11463: checking whether build environment is sane
configure:11518: result: yes
configure:11666: checking for a thread-safe mkdir -p
configure:11705: result: /usr/local/bin/gmkdir -p
configure:11708: checking whether make sets $(MAKE)
configure:11730: result: yes
configure:11760: checking for style of include used by make
configure:11788: result: GNU
configure:11822: checking whether make supports nested variables
configure:11839: result: yes
configure:11924: checking dependency style of gcc
configure:12035: result: gcc3
configure:12106: checking for gawk
configure:12133: result: awk
configure:12192: checking for gcc
configure:12219: result: gcc
configure:12448: checking for C compiler version
configure:12457: gcc --version >&5
Apple LLVM version 9.1.0 (clang-902.0.39.2)
Target: x86_64-apple-darwin18.0.0
Thread model: posix
InstalledDir: /Applications/Xcode.app/Contents/Developer/Toolchains/XcodeDefault.xctoolchain/usr/bin
Configured with: --prefix=/Applications/Xcode.app/Contents/Developer/usr --with-gxx-include-dir=/Applications/Xcode.app/Contents/Developer/Platforms/MacOSX.platform/Developer/SDKs/MacOSX10.13.sdk/usr/include/c++/4.2.1
configure:12468: $? = 0
configure:12457: gcc -v >&5
Configured with: --prefix=/Applications/Xcode.app/Contents/Developer/usr --with-gxx-include-dir=/Applications/Xcode.app/Contents/Developer/Platforms/MacOSX.platform/Developer/SDKs/MacOSX10.13.sdk/usr/include/c++/4.2.1
Apple LLVM version 9.1.0 (clang-902.0.39.2)
Target: x86_64-apple-darwin18.0.0
Thread model: posix
InstalledDir: /Applications/Xcode.app/Contents/Developer/Toolchains/XcodeDefault.xctoolchain/usr/bin
configure:12468: $? = 0
configure:12457: gcc -V >&5
clang: error: argument to '-V' is missing (expected 1 value)
clang: error: no input files
configure:12468: $? = 1
configure:12457: gcc -qversion >&5
clang: error: unknown argument: '-qversion'
clang: error: no input files
configure:12468: $? = 1
configure:12472: checking whether we are using the GNU C compiler
configure:12500: result: yes
configure:12509: checking whether gcc accepts -g
configure:12570: result: yes
configure:12587: checking for gcc option to accept ISO C89
configure:12663: result: none needed
configure:12688: checking whether gcc understands -c and -o together
configure:12725: result: yes
configure:12747: checking how to run the C preprocessor
configure:12817: result: gcc -E
configure:12837: gcc -E  conftest.c
configure:12837: $? = 0
configure:12851: gcc -E  conftest.c
conftest.c:23:10: fatal error: 'ac_nonexistent.h' file not found
#include <ac_nonexistent.h>
         ^~~~~~~~~~~~~~~~~~
1 error generated.
configure:12851: $? = 1
configure: failed program was:
| /* confdefs.h */
| #define PACKAGE_NAME "leptonica"
| #define PACKAGE_TARNAME "leptonica"
| #define PACKAGE_VERSION "1.76.0"
| #define PACKAGE_STRING "leptonica 1.76.0"
| #define PACKAGE_BUGREPORT ""
| #define PACKAGE_URL ""
| #define STDC_HEADERS 1
| #define HAVE_SYS_TYPES_H 1
| #define HAVE_SYS_STAT_H 1
| #define HAVE_STDLIB_H 1
| #define HAVE_STRING_H 1
| #define HAVE_MEMORY_H 1
| #define HAVE_STRINGS_H 1
| #define HAVE_INTTYPES_H 1
| #define HAVE_STDINT_H 1
| #define HAVE_UNISTD_H 1
| #define HAVE_DLFCN_H 1
| #define LT_OBJDIR ".libs/"
| #define PACKAGE "leptonica"
| #define VERSION "1.76.0"
| /* end confdefs.h.  */
| #include <ac_nonexistent.h>
configure:12881: checking whether ln -s works
configure:12885: result: yes
configure:12892: checking whether make sets $(MAKE)
configure:12914: result: yes
configure:13170: checking for pkg-config
configure:13188: found /usr/local/bin/pkg-config
configure:13200: result: /usr/local/bin/pkg-config
configure:13225: checking pkg-config is at least version 0.9.0
configure:13228: result: yes
configure:13246: checking for ZLIB
configure:13253: $PKG_CONFIG --exists --print-errors "zlib"
Package zlib was not found in the pkg-config search path.
Perhaps you should add the directory containing `zlib.pc'
to the PKG_CONFIG_PATH environment variable
No package 'zlib' found
configure:13256: $? = 1
configure:13270: $PKG_CONFIG --exists --print-errors "zlib"
Package zlib was not found in the pkg-config search path.
Perhaps you should add the directory containing `zlib.pc'
to the PKG_CONFIG_PATH environment variable
No package 'zlib' found
configure:13273: $? = 1
configure:13287: result: no
No package 'zlib' found
configure:13304: checking for deflate in -lz
configure:13329: gcc -o conftest -g -O2   conftest.c -lz   >&5
configure:13329: $? = 0
configure:13338: result: yes
configure:13346: checking zlib.h usability
configure:13346: gcc -c -g -O2  conftest.c >&5
configure:13346: $? = 0
configure:13346: result: yes
configure:13346: checking zlib.h presence
configure:13346: gcc -E  conftest.c
configure:13346: $? = 0
configure:13346: result: yes
configure:13346: checking for zlib.h
configure:13346: result: yes
configure:13464: checking for LIBPNG
configure:13471: $PKG_CONFIG --exists --print-errors "libpng"
Package libpng was not found in the pkg-config search path.
Perhaps you should add the directory containing `libpng.pc'
to the PKG_CONFIG_PATH environment variable
No package 'libpng' found
configure:13474: $? = 1
configure:13488: $PKG_CONFIG --exists --print-errors "libpng"
Package libpng was not found in the pkg-config search path.
Perhaps you should add the directory containing `libpng.pc'
to the PKG_CONFIG_PATH environment variable
No package 'libpng' found
configure:13491: $? = 1
configure:13505: result: no
No package 'libpng' found
configure:13522: checking for png_read_png in -lpng
configure:13547: gcc -o conftest -g -O2   conftest.c -lpng  -lz  >&5
ld: library not found for -lpng
clang: error: linker command failed with exit code 1 (use -v to see invocation)
configure:13547: $? = 1
configure: failed program was:
| /* confdefs.h */
| #define PACKAGE_NAME "leptonica"
| #define PACKAGE_TARNAME "leptonica"
| #define PACKAGE_VERSION "1.76.0"
| #define PACKAGE_STRING "leptonica 1.76.0"
| #define PACKAGE_BUGREPORT ""
| #define PACKAGE_URL ""
| #define STDC_HEADERS 1
| #define HAVE_SYS_TYPES_H 1
| #define HAVE_SYS_STAT_H 1
| #define HAVE_STDLIB_H 1
| #define HAVE_STRING_H 1
| #define HAVE_MEMORY_H 1
| #define HAVE_STRINGS_H 1
| #define HAVE_INTTYPES_H 1
| #define HAVE_STDINT_H 1
| #define HAVE_UNISTD_H 1
| #define HAVE_DLFCN_H 1
| #define LT_OBJDIR ".libs/"
| #define PACKAGE "leptonica"
| #define VERSION "1.76.0"
| #define HAVE_LIBZ 1
| /* end confdefs.h.  */
| 
| /* Override any GCC internal prototype to avoid an error.
|    Use char because int might match the return type of a GCC
|    builtin and then its argument prototype would still apply.  */
| #ifdef __cplusplus
| extern "C"
| #endif
| char png_read_png ();
| int
| main ()
| {
| return png_read_png ();
|   ;
|   return 0;
| }
configure:13556: result: no
configure:13564: checking png.h usability
configure:13564: gcc -c -g -O2  conftest.c >&5
conftest.c:57:10: fatal error: 'png.h' file not found
#include <png.h>
         ^~~~~~~
1 error generated.
configure:13564: $? = 1
configure: failed program was:
| /* confdefs.h */
| #define PACKAGE_NAME "leptonica"
| #define PACKAGE_TARNAME "leptonica"
| #define PACKAGE_VERSION "1.76.0"
| #define PACKAGE_STRING "leptonica 1.76.0"
| #define PACKAGE_BUGREPORT ""
| #define PACKAGE_URL ""
| #define STDC_HEADERS 1
| #define HAVE_SYS_TYPES_H 1
| #define HAVE_SYS_STAT_H 1
| #define HAVE_STDLIB_H 1
| #define HAVE_STRING_H 1
| #define HAVE_MEMORY_H 1
| #define HAVE_STRINGS_H 1
| #define HAVE_INTTYPES_H 1
| #define HAVE_STDINT_H 1
| #define HAVE_UNISTD_H 1
| #define HAVE_DLFCN_H 1
| #define LT_OBJDIR ".libs/"
| #define PACKAGE "leptonica"
| #define VERSION "1.76.0"
| #define HAVE_LIBZ 1
| /* end confdefs.h.  */
| #include <stdio.h>
| #ifdef HAVE_SYS_TYPES_H
| # include <sys/types.h>
| #endif
| #ifdef HAVE_SYS_STAT_H
| # include <sys/stat.h>
| #endif
| #ifdef STDC_HEADERS
| # include <stdlib.h>
| # include <stddef.h>
| #else
| # ifdef HAVE_STDLIB_H
| #  include <stdlib.h>
| # endif
| #endif
| #ifdef HAVE_STRING_H
| # if !defined STDC_HEADERS && defined HAVE_MEMORY_H
| #  include <memory.h>
| # endif
| # include <string.h>
| #endif
| #ifdef HAVE_STRINGS_H
| # include <strings.h>
| #endif
| #ifdef HAVE_INTTYPES_H
| # include <inttypes.h>
| #endif
| #ifdef HAVE_STDINT_H
| # include <stdint.h>
| #endif
| #ifdef HAVE_UNISTD_H
| # include <unistd.h>
| #endif
| #include <png.h>
configure:13564: result: no
configure:13564: checking png.h presence
configure:13564: gcc -E  conftest.c
conftest.c:24:10: fatal error: 'png.h' file not found
#include <png.h>
         ^~~~~~~
1 error generated.
configure:13564: $? = 1
configure: failed program was:
| /* confdefs.h */
| #define PACKAGE_NAME "leptonica"
| #define PACKAGE_TARNAME "leptonica"
| #define PACKAGE_VERSION "1.76.0"
| #define PACKAGE_STRING "leptonica 1.76.0"
| #define PACKAGE_BUGREPORT ""
| #define PACKAGE_URL ""
| #define STDC_HEADERS 1
| #define HAVE_SYS_TYPES_H 1
| #define HAVE_SYS_STAT_H 1
| #define HAVE_STDLIB_H 1
| #define HAVE_STRING_H 1
| #define HAVE_MEMORY_H 1
| #define HAVE_STRINGS_H 1
| #define HAVE_INTTYPES_H 1
| #define HAVE_STDINT_H 1
| #define HAVE_UNISTD_H 1
| #define HAVE_DLFCN_H 1
| #define LT_OBJDIR ".libs/"
| #define PACKAGE "leptonica"
| #define VERSION "1.76.0"
| #define HAVE_LIBZ 1
| /* end confdefs.h.  */
| #include <png.h>
configure:13564: result: no
configure:13564: checking for png.h
configure:13564: result: no
configure:13682: checking for JPEG
configure:13689: $PKG_CONFIG --exists --print-errors "libjpeg"
Package libjpeg was not found in the pkg-config search path.
Perhaps you should add the directory containing `libjpeg.pc'
to the PKG_CONFIG_PATH environment variable
No package 'libjpeg' found
configure:13692: $? = 1
configure:13706: $PKG_CONFIG --exists --print-errors "libjpeg"
Package libjpeg was not found in the pkg-config search path.
Perhaps you should add the directory containing `libjpeg.pc'
to the PKG_CONFIG_PATH environment variable
No package 'libjpeg' found
configure:13709: $? = 1
configure:13723: result: no
No package 'libjpeg' found
configure:13740: checking for jpeg_read_scanlines in -ljpeg
configure:13765: gcc -o conftest -g -O2   conftest.c -ljpeg   >&5
ld: library not found for -ljpeg
clang: error: linker command failed with exit code 1 (use -v to see invocation)
configure:13765: $? = 1
configure: failed program was:
| /* confdefs.h */
| #define PACKAGE_NAME "leptonica"
| #define PACKAGE_TARNAME "leptonica"
| #define PACKAGE_VERSION "1.76.0"
| #define PACKAGE_STRING "leptonica 1.76.0"
| #define PACKAGE_BUGREPORT ""
| #define PACKAGE_URL ""
| #define STDC_HEADERS 1
| #define HAVE_SYS_TYPES_H 1
| #define HAVE_SYS_STAT_H 1
| #define HAVE_STDLIB_H 1
| #define HAVE_STRING_H 1
| #define HAVE_MEMORY_H 1
| #define HAVE_STRINGS_H 1
| #define HAVE_INTTYPES_H 1
| #define HAVE_STDINT_H 1
| #define HAVE_UNISTD_H 1
| #define HAVE_DLFCN_H 1
| #define LT_OBJDIR ".libs/"
| #define PACKAGE "leptonica"
| #define VERSION "1.76.0"
| #define HAVE_LIBZ 1
| /* end confdefs.h.  */
| 
| /* Override any GCC internal prototype to avoid an error.
|    Use char because int might match the return type of a GCC
|    builtin and then its argument prototype would still apply.  */
| #ifdef __cplusplus
| extern "C"
| #endif
| char jpeg_read_scanlines ();
| int
| main ()
| {
| return jpeg_read_scanlines ();
|   ;
|   return 0;
| }
configure:13774: result: no
configure:13782: checking jpeglib.h usability
configure:13782: gcc -c -g -O2  conftest.c >&5
conftest.c:57:10: fatal error: 'jpeglib.h' file not found
#include <jpeglib.h>
         ^~~~~~~~~~~
1 error generated.
configure:13782: $? = 1
configure: failed program was:
| /* confdefs.h */
| #define PACKAGE_NAME "leptonica"
| #define PACKAGE_TARNAME "leptonica"
| #define PACKAGE_VERSION "1.76.0"
| #define PACKAGE_STRING "leptonica 1.76.0"
| #define PACKAGE_BUGREPORT ""
| #define PACKAGE_URL ""
| #define STDC_HEADERS 1
| #define HAVE_SYS_TYPES_H 1
| #define HAVE_SYS_STAT_H 1
| #define HAVE_STDLIB_H 1
| #define HAVE_STRING_H 1
| #define HAVE_MEMORY_H 1
| #define HAVE_STRINGS_H 1
| #define HAVE_INTTYPES_H 1
| #define HAVE_STDINT_H 1
| #define HAVE_UNISTD_H 1
| #define HAVE_DLFCN_H 1
| #define LT_OBJDIR ".libs/"
| #define PACKAGE "leptonica"
| #define VERSION "1.76.0"
| #define HAVE_LIBZ 1
| /* end confdefs.h.  */
| #include <stdio.h>
| #ifdef HAVE_SYS_TYPES_H
| # include <sys/types.h>
| #endif
| #ifdef HAVE_SYS_STAT_H
| # include <sys/stat.h>
| #endif
| #ifdef STDC_HEADERS
| # include <stdlib.h>
| # include <stddef.h>
| #else
| # ifdef HAVE_STDLIB_H
| #  include <stdlib.h>
| # endif
| #endif
| #ifdef HAVE_STRING_H
| # if !defined STDC_HEADERS && defined HAVE_MEMORY_H
| #  include <memory.h>
| # endif
| # include <string.h>
| #endif
| #ifdef HAVE_STRINGS_H
| # include <strings.h>
| #endif
| #ifdef HAVE_INTTYPES_H
| # include <inttypes.h>
| #endif
| #ifdef HAVE_STDINT_H
| # include <stdint.h>
| #endif
| #ifdef HAVE_UNISTD_H
| # include <unistd.h>
| #endif
| #include <jpeglib.h>
configure:13782: result: no
configure:13782: checking jpeglib.h presence
configure:13782: gcc -E  conftest.c
conftest.c:24:10: fatal error: 'jpeglib.h' file not found
#include <jpeglib.h>
         ^~~~~~~~~~~
1 error generated.
configure:13782: $? = 1
configure: failed program was:
| /* confdefs.h */
| #define PACKAGE_NAME "leptonica"
| #define PACKAGE_TARNAME "leptonica"
| #define PACKAGE_VERSION "1.76.0"
| #define PACKAGE_STRING "leptonica 1.76.0"
| #define PACKAGE_BUGREPORT ""
| #define PACKAGE_URL ""
| #define STDC_HEADERS 1
| #define HAVE_SYS_TYPES_H 1
| #define HAVE_SYS_STAT_H 1
| #define HAVE_STDLIB_H 1
| #define HAVE_STRING_H 1
| #define HAVE_MEMORY_H 1
| #define HAVE_STRINGS_H 1
| #define HAVE_INTTYPES_H 1
| #define HAVE_STDINT_H 1
| #define HAVE_UNISTD_H 1
| #define HAVE_DLFCN_H 1
| #define LT_OBJDIR ".libs/"
| #define PACKAGE "leptonica"
| #define VERSION "1.76.0"
| #define HAVE_LIBZ 1
| /* end confdefs.h.  */
| #include <jpeglib.h>
configure:13782: result: no
configure:13782: checking for jpeglib.h
configure:13782: result: no
configure:14016: checking for LIBTIFF
configure:14023: $PKG_CONFIG --exists --print-errors "libtiff-4"
Package libtiff-4 was not found in the pkg-config search path.
Perhaps you should add the directory containing `libtiff-4.pc'
to the PKG_CONFIG_PATH environment variable
No package 'libtiff-4' found
configure:14026: $? = 1
configure:14040: $PKG_CONFIG --exists --print-errors "libtiff-4"
Package libtiff-4 was not found in the pkg-config search path.
Perhaps you should add the directory containing `libtiff-4.pc'
to the PKG_CONFIG_PATH environment variable
No package 'libtiff-4' found
configure:14043: $? = 1
configure:14057: result: no
No package 'libtiff-4' found
configure:14074: checking for TIFFOpen in -ltiff
configure:14099: gcc -o conftest -g -O2   conftest.c -ltiff  -lz   >&5
ld: library not found for -ltiff
clang: error: linker command failed with exit code 1 (use -v to see invocation)
configure:14099: $? = 1
configure: failed program was:
| /* confdefs.h */
| #define PACKAGE_NAME "leptonica"
| #define PACKAGE_TARNAME "leptonica"
| #define PACKAGE_VERSION "1.76.0"
| #define PACKAGE_STRING "leptonica 1.76.0"
| #define PACKAGE_BUGREPORT ""
| #define PACKAGE_URL ""
| #define STDC_HEADERS 1
| #define HAVE_SYS_TYPES_H 1
| #define HAVE_SYS_STAT_H 1
| #define HAVE_STDLIB_H 1
| #define HAVE_STRING_H 1
| #define HAVE_MEMORY_H 1
| #define HAVE_STRINGS_H 1
| #define HAVE_INTTYPES_H 1
| #define HAVE_STDINT_H 1
| #define HAVE_UNISTD_H 1
| #define HAVE_DLFCN_H 1
| #define LT_OBJDIR ".libs/"
| #define PACKAGE "leptonica"
| #define VERSION "1.76.0"
| #define HAVE_LIBZ 1
| /* end confdefs.h.  */
| 
| /* Override any GCC internal prototype to avoid an error.
|    Use char because int might match the return type of a GCC
|    builtin and then its argument prototype would still apply.  */
| #ifdef __cplusplus
| extern "C"
| #endif
| char TIFFOpen ();
| int
| main ()
| {
| return TIFFOpen ();
|   ;
|   return 0;
| }
configure:14108: result: no
configure:14116: checking tiff.h usability
configure:14116: gcc -c -g -O2  conftest.c >&5
conftest.c:57:10: fatal error: 'tiff.h' file not found
#include <tiff.h>
         ^~~~~~~~
1 error generated.
configure:14116: $? = 1
configure: failed program was:
| /* confdefs.h */
| #define PACKAGE_NAME "leptonica"
| #define PACKAGE_TARNAME "leptonica"
| #define PACKAGE_VERSION "1.76.0"
| #define PACKAGE_STRING "leptonica 1.76.0"
| #define PACKAGE_BUGREPORT ""
| #define PACKAGE_URL ""
| #define STDC_HEADERS 1
| #define HAVE_SYS_TYPES_H 1
| #define HAVE_SYS_STAT_H 1
| #define HAVE_STDLIB_H 1
| #define HAVE_STRING_H 1
| #define HAVE_MEMORY_H 1
| #define HAVE_STRINGS_H 1
| #define HAVE_INTTYPES_H 1
| #define HAVE_STDINT_H 1
| #define HAVE_UNISTD_H 1
| #define HAVE_DLFCN_H 1
| #define LT_OBJDIR ".libs/"
| #define PACKAGE "leptonica"
| #define VERSION "1.76.0"
| #define HAVE_LIBZ 1
| /* end confdefs.h.  */
| #include <stdio.h>
| #ifdef HAVE_SYS_TYPES_H
| # include <sys/types.h>
| #endif
| #ifdef HAVE_SYS_STAT_H
| # include <sys/stat.h>
| #endif
| #ifdef STDC_HEADERS
| # include <stdlib.h>
| # include <stddef.h>
| #else
| # ifdef HAVE_STDLIB_H
| #  include <stdlib.h>
| # endif
| #endif
| #ifdef HAVE_STRING_H
| # if !defined STDC_HEADERS && defined HAVE_MEMORY_H
| #  include <memory.h>
| # endif
| # include <string.h>
| #endif
| #ifdef HAVE_STRINGS_H
| # include <strings.h>
| #endif
| #ifdef HAVE_INTTYPES_H
| # include <inttypes.h>
| #endif
| #ifdef HAVE_STDINT_H
| # include <stdint.h>
| #endif
| #ifdef HAVE_UNISTD_H
| # include <unistd.h>
| #endif
| #include <tiff.h>
configure:14116: result: no
configure:14116: checking tiff.h presence
configure:14116: gcc -E  conftest.c
conftest.c:24:10: fatal error: 'tiff.h' file not found
#include <tiff.h>
         ^~~~~~~~
1 error generated.
configure:14116: $? = 1
configure: failed program was:
| /* confdefs.h */
| #define PACKAGE_NAME "leptonica"
| #define PACKAGE_TARNAME "leptonica"
| #define PACKAGE_VERSION "1.76.0"
| #define PACKAGE_STRING "leptonica 1.76.0"
| #define PACKAGE_BUGREPORT ""
| #define PACKAGE_URL ""
| #define STDC_HEADERS 1
| #define HAVE_SYS_TYPES_H 1
| #define HAVE_SYS_STAT_H 1
| #define HAVE_STDLIB_H 1
| #define HAVE_STRING_H 1
| #define HAVE_MEMORY_H 1
| #define HAVE_STRINGS_H 1
| #define HAVE_INTTYPES_H 1
| #define HAVE_STDINT_H 1
| #define HAVE_UNISTD_H 1
| #define HAVE_DLFCN_H 1
| #define LT_OBJDIR ".libs/"
| #define PACKAGE "leptonica"
| #define VERSION "1.76.0"
| #define HAVE_LIBZ 1
| /* end confdefs.h.  */
| #include <tiff.h>
configure:14116: result: no
configure:14116: checking for tiff.h
configure:14116: result: no
configure:14234: checking for LIBWEBP
configure:14241: $PKG_CONFIG --exists --print-errors "libwebp"
Package libwebp was not found in the pkg-config search path.
Perhaps you should add the directory containing `libwebp.pc'
to the PKG_CONFIG_PATH environment variable
No package 'libwebp' found
configure:14244: $? = 1
configure:14258: $PKG_CONFIG --exists --print-errors "libwebp"
Package libwebp was not found in the pkg-config search path.
Perhaps you should add the directory containing `libwebp.pc'
to the PKG_CONFIG_PATH environment variable
No package 'libwebp' found
configure:14261: $? = 1
configure:14275: result: no
No package 'libwebp' found
configure:14292: checking for WebPGetInfo in -lwebp
configure:14317: gcc -o conftest -g -O2   conftest.c -lwebp   >&5
ld: library not found for -lwebp
clang: error: linker command failed with exit code 1 (use -v to see invocation)
configure:14317: $? = 1
configure: failed program was:
| /* confdefs.h */
| #define PACKAGE_NAME "leptonica"
| #define PACKAGE_TARNAME "leptonica"
| #define PACKAGE_VERSION "1.76.0"
| #define PACKAGE_STRING "leptonica 1.76.0"
| #define PACKAGE_BUGREPORT ""
| #define PACKAGE_URL ""
| #define STDC_HEADERS 1
| #define HAVE_SYS_TYPES_H 1
| #define HAVE_SYS_STAT_H 1
| #define HAVE_STDLIB_H 1
| #define HAVE_STRING_H 1
| #define HAVE_MEMORY_H 1
| #define HAVE_STRINGS_H 1
| #define HAVE_INTTYPES_H 1
| #define HAVE_STDINT_H 1
| #define HAVE_UNISTD_H 1
| #define HAVE_DLFCN_H 1
| #define LT_OBJDIR ".libs/"
| #define PACKAGE "leptonica"
| #define VERSION "1.76.0"
| #define HAVE_LIBZ 1
| /* end confdefs.h.  */
| 
| /* Override any GCC internal prototype to avoid an error.
|    Use char because int might match the return type of a GCC
|    builtin and then its argument prototype would still apply.  */
| #ifdef __cplusplus
| extern "C"
| #endif
| char WebPGetInfo ();
| int
| main ()
| {
| return WebPGetInfo ();
|   ;
|   return 0;
| }
configure:14326: result: no
configure:14334: checking webp/encode.h usability
configure:14334: gcc -c -g -O2  conftest.c >&5
conftest.c:57:10: fatal error: 'webp/encode.h' file not found
#include <webp/encode.h>
         ^~~~~~~~~~~~~~~
1 error generated.
configure:14334: $? = 1
configure: failed program was:
| /* confdefs.h */
| #define PACKAGE_NAME "leptonica"
| #define PACKAGE_TARNAME "leptonica"
| #define PACKAGE_VERSION "1.76.0"
| #define PACKAGE_STRING "leptonica 1.76.0"
| #define PACKAGE_BUGREPORT ""
| #define PACKAGE_URL ""
| #define STDC_HEADERS 1
| #define HAVE_SYS_TYPES_H 1
| #define HAVE_SYS_STAT_H 1
| #define HAVE_STDLIB_H 1
| #define HAVE_STRING_H 1
| #define HAVE_MEMORY_H 1
| #define HAVE_STRINGS_H 1
| #define HAVE_INTTYPES_H 1
| #define HAVE_STDINT_H 1
| #define HAVE_UNISTD_H 1
| #define HAVE_DLFCN_H 1
| #define LT_OBJDIR ".libs/"
| #define PACKAGE "leptonica"
| #define VERSION "1.76.0"
| #define HAVE_LIBZ 1
| /* end confdefs.h.  */
| #include <stdio.h>
| #ifdef HAVE_SYS_TYPES_H
| # include <sys/types.h>
| #endif
| #ifdef HAVE_SYS_STAT_H
| # include <sys/stat.h>
| #endif
| #ifdef STDC_HEADERS
| # include <stdlib.h>
| # include <stddef.h>
| #else
| # ifdef HAVE_STDLIB_H
| #  include <stdlib.h>
| # endif
| #endif
| #ifdef HAVE_STRING_H
| # if !defined STDC_HEADERS && defined HAVE_MEMORY_H
| #  include <memory.h>
| # endif
| # include <string.h>
| #endif
| #ifdef HAVE_STRINGS_H
| # include <strings.h>
| #endif
| #ifdef HAVE_INTTYPES_H
| # include <inttypes.h>
| #endif
| #ifdef HAVE_STDINT_H
| # include <stdint.h>
| #endif
| #ifdef HAVE_UNISTD_H
| # include <unistd.h>
| #endif
| #include <webp/encode.h>
configure:14334: result: no
configure:14334: checking webp/encode.h presence
configure:14334: gcc -E  conftest.c
conftest.c:24:10: fatal error: 'webp/encode.h' file not found
#include <webp/encode.h>
         ^~~~~~~~~~~~~~~
1 error generated.
configure:14334: $? = 1
configure: failed program was:
| /* confdefs.h */
| #define PACKAGE_NAME "leptonica"
| #define PACKAGE_TARNAME "leptonica"
| #define PACKAGE_VERSION "1.76.0"
| #define PACKAGE_STRING "leptonica 1.76.0"
| #define PACKAGE_BUGREPORT ""
| #define PACKAGE_URL ""
| #define STDC_HEADERS 1
| #define HAVE_SYS_TYPES_H 1
| #define HAVE_SYS_STAT_H 1
| #define HAVE_STDLIB_H 1
| #define HAVE_STRING_H 1
| #define HAVE_MEMORY_H 1
| #define HAVE_STRINGS_H 1
| #define HAVE_INTTYPES_H 1
| #define HAVE_STDINT_H 1
| #define HAVE_UNISTD_H 1
| #define HAVE_DLFCN_H 1
| #define LT_OBJDIR ".libs/"
| #define PACKAGE "leptonica"
| #define VERSION "1.76.0"
| #define HAVE_LIBZ 1
| /* end confdefs.h.  */
| #include <webp/encode.h>
configure:14334: result: no
configure:14334: checking for webp/encode.h
configure:14334: result: no
configure:14461: checking for LIBJP2K
configure:14468: $PKG_CONFIG --exists --print-errors "libopenjp2 >= 2.0.0"
Package libopenjp2 was not found in the pkg-config search path.
Perhaps you should add the directory containing `libopenjp2.pc'
to the PKG_CONFIG_PATH environment variable
No package 'libopenjp2' found
configure:14471: $? = 1
configure:14485: $PKG_CONFIG --exists --print-errors "libopenjp2 >= 2.0.0"
Package libopenjp2 was not found in the pkg-config search path.
Perhaps you should add the directory containing `libopenjp2.pc'
to the PKG_CONFIG_PATH environment variable
No package 'libopenjp2' found
configure:14488: $? = 1
configure:14502: result: no
No package 'libopenjp2' found
configure:14519: checking for opj_create_decompress in -lopenjp2
configure:14544: gcc -o conftest -g -O2   conftest.c -lopenjp2   >&5
ld: library not found for -lopenjp2
clang: error: linker command failed with exit code 1 (use -v to see invocation)
configure:14544: $? = 1
configure: failed program was:
| /* confdefs.h */
| #define PACKAGE_NAME "leptonica"
| #define PACKAGE_TARNAME "leptonica"
| #define PACKAGE_VERSION "1.76.0"
| #define PACKAGE_STRING "leptonica 1.76.0"
| #define PACKAGE_BUGREPORT ""
| #define PACKAGE_URL ""
| #define STDC_HEADERS 1
| #define HAVE_SYS_TYPES_H 1
| #define HAVE_SYS_STAT_H 1
| #define HAVE_STDLIB_H 1
| #define HAVE_STRING_H 1
| #define HAVE_MEMORY_H 1
| #define HAVE_STRINGS_H 1
| #define HAVE_INTTYPES_H 1
| #define HAVE_STDINT_H 1
| #define HAVE_UNISTD_H 1
| #define HAVE_DLFCN_H 1
| #define LT_OBJDIR ".libs/"
| #define PACKAGE "leptonica"
| #define VERSION "1.76.0"
| #define HAVE_LIBZ 1
| /* end confdefs.h.  */
| 
| /* Override any GCC internal prototype to avoid an error.
|    Use char because int might match the return type of a GCC
|    builtin and then its argument prototype would still apply.  */
| #ifdef __cplusplus
| extern "C"
| #endif
| char opj_create_decompress ();
| int
| main ()
| {
| return opj_create_decompress ();
|   ;
|   return 0;
| }
configure:14553: result: no
configure:14564: checking openjpeg-2.3/openjpeg.h usability
configure:14564: gcc -c -g -O2  conftest.c >&5
conftest.c:57:10: fatal error: 'openjpeg-2.3/openjpeg.h' file not found
#include <openjpeg-2.3/openjpeg.h>
         ^~~~~~~~~~~~~~~~~~~~~~~~~
1 error generated.
configure:14564: $? = 1
configure: failed program was:
| /* confdefs.h */
| #define PACKAGE_NAME "leptonica"
| #define PACKAGE_TARNAME "leptonica"
| #define PACKAGE_VERSION "1.76.0"
| #define PACKAGE_STRING "leptonica 1.76.0"
| #define PACKAGE_BUGREPORT ""
| #define PACKAGE_URL ""
| #define STDC_HEADERS 1
| #define HAVE_SYS_TYPES_H 1
| #define HAVE_SYS_STAT_H 1
| #define HAVE_STDLIB_H 1
| #define HAVE_STRING_H 1
| #define HAVE_MEMORY_H 1
| #define HAVE_STRINGS_H 1
| #define HAVE_INTTYPES_H 1
| #define HAVE_STDINT_H 1
| #define HAVE_UNISTD_H 1
| #define HAVE_DLFCN_H 1
| #define LT_OBJDIR ".libs/"
| #define PACKAGE "leptonica"
| #define VERSION "1.76.0"
| #define HAVE_LIBZ 1
| /* end confdefs.h.  */
| #include <stdio.h>
| #ifdef HAVE_SYS_TYPES_H
| # include <sys/types.h>
| #endif
| #ifdef HAVE_SYS_STAT_H
| # include <sys/stat.h>
| #endif
| #ifdef STDC_HEADERS
| # include <stdlib.h>
| # include <stddef.h>
| #else
| # ifdef HAVE_STDLIB_H
| #  include <stdlib.h>
| # endif
| #endif
| #ifdef HAVE_STRING_H
| # if !defined STDC_HEADERS && defined HAVE_MEMORY_H
| #  include <memory.h>
| # endif
| # include <string.h>
| #endif
| #ifdef HAVE_STRINGS_H
| # include <strings.h>
| #endif
| #ifdef HAVE_INTTYPES_H
| # include <inttypes.h>
| #endif
| #ifdef HAVE_STDINT_H
| # include <stdint.h>
| #endif
| #ifdef HAVE_UNISTD_H
| # include <unistd.h>
| #endif
| #include <openjpeg-2.3/openjpeg.h>
configure:14564: result: no
configure:14564: checking openjpeg-2.3/openjpeg.h presence
configure:14564: gcc -E  conftest.c
conftest.c:24:10: fatal error: 'openjpeg-2.3/openjpeg.h' file not found
#include <openjpeg-2.3/openjpeg.h>
         ^~~~~~~~~~~~~~~~~~~~~~~~~
1 error generated.
configure:14564: $? = 1
configure: failed program was:
| /* confdefs.h */
| #define PACKAGE_NAME "leptonica"
| #define PACKAGE_TARNAME "leptonica"
| #define PACKAGE_VERSION "1.76.0"
| #define PACKAGE_STRING "leptonica 1.76.0"
| #define PACKAGE_BUGREPORT ""
| #define PACKAGE_URL ""
| #define STDC_HEADERS 1
| #define HAVE_SYS_TYPES_H 1
| #define HAVE_SYS_STAT_H 1
| #define HAVE_STDLIB_H 1
| #define HAVE_STRING_H 1
| #define HAVE_MEMORY_H 1
| #define HAVE_STRINGS_H 1
| #define HAVE_INTTYPES_H 1
| #define HAVE_STDINT_H 1
| #define HAVE_UNISTD_H 1
| #define HAVE_DLFCN_H 1
| #define LT_OBJDIR ".libs/"
| #define PACKAGE "leptonica"
| #define VERSION "1.76.0"
| #define HAVE_LIBZ 1
| /* end confdefs.h.  */
| #include <openjpeg-2.3/openjpeg.h>
configure:14564: result: no
configure:14564: checking for openjpeg-2.3/openjpeg.h
configure:14564: result: no
configure:14564: checking openjpeg-2.2/openjpeg.h usability
configure:14564: gcc -c -g -O2  conftest.c >&5
conftest.c:57:10: fatal error: 'openjpeg-2.2/openjpeg.h' file not found
#include <openjpeg-2.2/openjpeg.h>
         ^~~~~~~~~~~~~~~~~~~~~~~~~
1 error generated.
configure:14564: $? = 1
configure: failed program was:
| /* confdefs.h */
| #define PACKAGE_NAME "leptonica"
| #define PACKAGE_TARNAME "leptonica"
| #define PACKAGE_VERSION "1.76.0"
| #define PACKAGE_STRING "leptonica 1.76.0"
| #define PACKAGE_BUGREPORT ""
| #define PACKAGE_URL ""
| #define STDC_HEADERS 1
| #define HAVE_SYS_TYPES_H 1
| #define HAVE_SYS_STAT_H 1
| #define HAVE_STDLIB_H 1
| #define HAVE_STRING_H 1
| #define HAVE_MEMORY_H 1
| #define HAVE_STRINGS_H 1
| #define HAVE_INTTYPES_H 1
| #define HAVE_STDINT_H 1
| #define HAVE_UNISTD_H 1
| #define HAVE_DLFCN_H 1
| #define LT_OBJDIR ".libs/"
| #define PACKAGE "leptonica"
| #define VERSION "1.76.0"
| #define HAVE_LIBZ 1
| /* end confdefs.h.  */
| #include <stdio.h>
| #ifdef HAVE_SYS_TYPES_H
| # include <sys/types.h>
| #endif
| #ifdef HAVE_SYS_STAT_H
| # include <sys/stat.h>
| #endif
| #ifdef STDC_HEADERS
| # include <stdlib.h>
| # include <stddef.h>
| #else
| # ifdef HAVE_STDLIB_H
| #  include <stdlib.h>
| # endif
| #endif
| #ifdef HAVE_STRING_H
| # if !defined STDC_HEADERS && defined HAVE_MEMORY_H
| #  include <memory.h>
| # endif
| # include <string.h>
| #endif
| #ifdef HAVE_STRINGS_H
| # include <strings.h>
| #endif
| #ifdef HAVE_INTTYPES_H
| # include <inttypes.h>
| #endif
| #ifdef HAVE_STDINT_H
| # include <stdint.h>
| #endif
| #ifdef HAVE_UNISTD_H
| # include <unistd.h>
| #endif
| #include <openjpeg-2.2/openjpeg.h>
configure:14564: result: no
configure:14564: checking openjpeg-2.2/openjpeg.h presence
configure:14564: gcc -E  conftest.c
conftest.c:24:10: fatal error: 'openjpeg-2.2/openjpeg.h' file not found
#include <openjpeg-2.2/openjpeg.h>
         ^~~~~~~~~~~~~~~~~~~~~~~~~
1 error generated.
configure:14564: $? = 1
configure: failed program was:
| /* confdefs.h */
| #define PACKAGE_NAME "leptonica"
| #define PACKAGE_TARNAME "leptonica"
| #define PACKAGE_VERSION "1.76.0"
| #define PACKAGE_STRING "leptonica 1.76.0"
| #define PACKAGE_BUGREPORT ""
| #define PACKAGE_URL ""
| #define STDC_HEADERS 1
| #define HAVE_SYS_TYPES_H 1
| #define HAVE_SYS_STAT_H 1
| #define HAVE_STDLIB_H 1
| #define HAVE_STRING_H 1
| #define HAVE_MEMORY_H 1
| #define HAVE_STRINGS_H 1
| #define HAVE_INTTYPES_H 1
| #define HAVE_STDINT_H 1
| #define HAVE_UNISTD_H 1
| #define HAVE_DLFCN_H 1
| #define LT_OBJDIR ".libs/"
| #define PACKAGE "leptonica"
| #define VERSION "1.76.0"
| #define HAVE_LIBZ 1
| /* end confdefs.h.  */
| #include <openjpeg-2.2/openjpeg.h>
configure:14564: result: no
configure:14564: checking for openjpeg-2.2/openjpeg.h
configure:14564: result: no
configure:14564: checking openjpeg-2.1/openjpeg.h usability
configure:14564: gcc -c -g -O2  conftest.c >&5
conftest.c:57:10: fatal error: 'openjpeg-2.1/openjpeg.h' file not found
#include <openjpeg-2.1/openjpeg.h>
         ^~~~~~~~~~~~~~~~~~~~~~~~~
1 error generated.
configure:14564: $? = 1
configure: failed program was:
| /* confdefs.h */
| #define PACKAGE_NAME "leptonica"
| #define PACKAGE_TARNAME "leptonica"
| #define PACKAGE_VERSION "1.76.0"
| #define PACKAGE_STRING "leptonica 1.76.0"
| #define PACKAGE_BUGREPORT ""
| #define PACKAGE_URL ""
| #define STDC_HEADERS 1
| #define HAVE_SYS_TYPES_H 1
| #define HAVE_SYS_STAT_H 1
| #define HAVE_STDLIB_H 1
| #define HAVE_STRING_H 1
| #define HAVE_MEMORY_H 1
| #define HAVE_STRINGS_H 1
| #define HAVE_INTTYPES_H 1
| #define HAVE_STDINT_H 1
| #define HAVE_UNISTD_H 1
| #define HAVE_DLFCN_H 1
| #define LT_OBJDIR ".libs/"
| #define PACKAGE "leptonica"
| #define VERSION "1.76.0"
| #define HAVE_LIBZ 1
| /* end confdefs.h.  */
| #include <stdio.h>
| #ifdef HAVE_SYS_TYPES_H
| # include <sys/types.h>
| #endif
| #ifdef HAVE_SYS_STAT_H
| # include <sys/stat.h>
| #endif
| #ifdef STDC_HEADERS
| # include <stdlib.h>
| # include <stddef.h>
| #else
| # ifdef HAVE_STDLIB_H
| #  include <stdlib.h>
| # endif
| #endif
| #ifdef HAVE_STRING_H
| # if !defined STDC_HEADERS && defined HAVE_MEMORY_H
| #  include <memory.h>
| # endif
| # include <string.h>
| #endif
| #ifdef HAVE_STRINGS_H
| # include <strings.h>
| #endif
| #ifdef HAVE_INTTYPES_H
| # include <inttypes.h>
| #endif
| #ifdef HAVE_STDINT_H
| # include <stdint.h>
| #endif
| #ifdef HAVE_UNISTD_H
| # include <unistd.h>
| #endif
| #include <openjpeg-2.1/openjpeg.h>
configure:14564: result: no
configure:14564: checking openjpeg-2.1/openjpeg.h presence
configure:14564: gcc -E  conftest.c
conftest.c:24:10: fatal error: 'openjpeg-2.1/openjpeg.h' file not found
#include <openjpeg-2.1/openjpeg.h>
         ^~~~~~~~~~~~~~~~~~~~~~~~~
1 error generated.
configure:14564: $? = 1
configure: failed program was:
| /* confdefs.h */
| #define PACKAGE_NAME "leptonica"
| #define PACKAGE_TARNAME "leptonica"
| #define PACKAGE_VERSION "1.76.0"
| #define PACKAGE_STRING "leptonica 1.76.0"
| #define PACKAGE_BUGREPORT ""
| #define PACKAGE_URL ""
| #define STDC_HEADERS 1
| #define HAVE_SYS_TYPES_H 1
| #define HAVE_SYS_STAT_H 1
| #define HAVE_STDLIB_H 1
| #define HAVE_STRING_H 1
| #define HAVE_MEMORY_H 1
| #define HAVE_STRINGS_H 1
| #define HAVE_INTTYPES_H 1
| #define HAVE_STDINT_H 1
| #define HAVE_UNISTD_H 1
| #define HAVE_DLFCN_H 1
| #define LT_OBJDIR ".libs/"
| #define PACKAGE "leptonica"
| #define VERSION "1.76.0"
| #define HAVE_LIBZ 1
| /* end confdefs.h.  */
| #include <openjpeg-2.1/openjpeg.h>
configure:14564: result: no
configure:14564: checking for openjpeg-2.1/openjpeg.h
configure:14564: result: no
configure:14564: checking openjpeg-2.0/openjpeg.h usability
configure:14564: gcc -c -g -O2  conftest.c >&5
conftest.c:57:10: fatal error: 'openjpeg-2.0/openjpeg.h' file not found
#include <openjpeg-2.0/openjpeg.h>
         ^~~~~~~~~~~~~~~~~~~~~~~~~
1 error generated.
configure:14564: $? = 1
configure: failed program was:
| /* confdefs.h */
| #define PACKAGE_NAME "leptonica"
| #define PACKAGE_TARNAME "leptonica"
| #define PACKAGE_VERSION "1.76.0"
| #define PACKAGE_STRING "leptonica 1.76.0"
| #define PACKAGE_BUGREPORT ""
| #define PACKAGE_URL ""
| #define STDC_HEADERS 1
| #define HAVE_SYS_TYPES_H 1
| #define HAVE_SYS_STAT_H 1
| #define HAVE_STDLIB_H 1
| #define HAVE_STRING_H 1
| #define HAVE_MEMORY_H 1
| #define HAVE_STRINGS_H 1
| #define HAVE_INTTYPES_H 1
| #define HAVE_STDINT_H 1
| #define HAVE_UNISTD_H 1
| #define HAVE_DLFCN_H 1
| #define LT_OBJDIR ".libs/"
| #define PACKAGE "leptonica"
| #define VERSION "1.76.0"
| #define HAVE_LIBZ 1
| /* end confdefs.h.  */
| #include <stdio.h>
| #ifdef HAVE_SYS_TYPES_H
| # include <sys/types.h>
| #endif
| #ifdef HAVE_SYS_STAT_H
| # include <sys/stat.h>
| #endif
| #ifdef STDC_HEADERS
| # include <stdlib.h>
| # include <stddef.h>
| #else
| # ifdef HAVE_STDLIB_H
| #  include <stdlib.h>
| # endif
| #endif
| #ifdef HAVE_STRING_H
| # if !defined STDC_HEADERS && defined HAVE_MEMORY_H
| #  include <memory.h>
| # endif
| # include <string.h>
| #endif
| #ifdef HAVE_STRINGS_H
| # include <strings.h>
| #endif
| #ifdef HAVE_INTTYPES_H
| # include <inttypes.h>
| #endif
| #ifdef HAVE_STDINT_H
| # include <stdint.h>
| #endif
| #ifdef HAVE_UNISTD_H
| # include <unistd.h>
| #endif
| #include <openjpeg-2.0/openjpeg.h>
configure:14564: result: no
configure:14564: checking openjpeg-2.0/openjpeg.h presence
configure:14564: gcc -E  conftest.c
conftest.c:24:10: fatal error: 'openjpeg-2.0/openjpeg.h' file not found
#include <openjpeg-2.0/openjpeg.h>
         ^~~~~~~~~~~~~~~~~~~~~~~~~
1 error generated.
configure:14564: $? = 1
configure: failed program was:
| /* confdefs.h */
| #define PACKAGE_NAME "leptonica"
| #define PACKAGE_TARNAME "leptonica"
| #define PACKAGE_VERSION "1.76.0"
| #define PACKAGE_STRING "leptonica 1.76.0"
| #define PACKAGE_BUGREPORT ""
| #define PACKAGE_URL ""
| #define STDC_HEADERS 1
| #define HAVE_SYS_TYPES_H 1
| #define HAVE_SYS_STAT_H 1
| #define HAVE_STDLIB_H 1
| #define HAVE_STRING_H 1
| #define HAVE_MEMORY_H 1
| #define HAVE_STRINGS_H 1
| #define HAVE_INTTYPES_H 1
| #define HAVE_STDINT_H 1
| #define HAVE_UNISTD_H 1
| #define HAVE_DLFCN_H 1
| #define LT_OBJDIR ".libs/"
| #define PACKAGE "leptonica"
| #define VERSION "1.76.0"
| #define HAVE_LIBZ 1
| /* end confdefs.h.  */
| #include <openjpeg-2.0/openjpeg.h>
configure:14564: result: no
configure:14564: checking for openjpeg-2.0/openjpeg.h
configure:14564: result: no
configure:14721: checking whether make supports nested variables
configure:14738: result: yes
configure:14751: checking for size_t
configure:14751: gcc -c -g -O2  conftest.c >&5
configure:14751: $? = 0
configure:14751: gcc -c -g -O2  conftest.c >&5
conftest.c:60:21: error: expected expression
if (sizeof ((size_t)))
                    ^
1 error generated.
configure:14751: $? = 1
configure: failed program was:
| /* confdefs.h */
| #define PACKAGE_NAME "leptonica"
| #define PACKAGE_TARNAME "leptonica"
| #define PACKAGE_VERSION "1.76.0"
| #define PACKAGE_STRING "leptonica 1.76.0"
| #define PACKAGE_BUGREPORT ""
| #define PACKAGE_URL ""
| #define STDC_HEADERS 1
| #define HAVE_SYS_TYPES_H 1
| #define HAVE_SYS_STAT_H 1
| #define HAVE_STDLIB_H 1
| #define HAVE_STRING_H 1
| #define HAVE_MEMORY_H 1
| #define HAVE_STRINGS_H 1
| #define HAVE_INTTYPES_H 1
| #define HAVE_STDINT_H 1
| #define HAVE_UNISTD_H 1
| #define HAVE_DLFCN_H 1
| #define LT_OBJDIR ".libs/"
| #define PACKAGE "leptonica"
| #define VERSION "1.76.0"
| #define HAVE_LIBZ 1
| /* end confdefs.h.  */
| #include <stdio.h>
| #ifdef HAVE_SYS_TYPES_H
| # include <sys/types.h>
| #endif
| #ifdef HAVE_SYS_STAT_H
| # include <sys/stat.h>
| #endif
| #ifdef STDC_HEADERS
| # include <stdlib.h>
| # include <stddef.h>
| #else
| # ifdef HAVE_STDLIB_H
| #  include <stdlib.h>
| # endif
| #endif
| #ifdef HAVE_STRING_H
| # if !defined STDC_HEADERS && defined HAVE_MEMORY_H
| #  include <memory.h>
| # endif
| # include <string.h>
| #endif
| #ifdef HAVE_STRINGS_H
| # include <strings.h>
| #endif
| #ifdef HAVE_INTTYPES_H
| # include <inttypes.h>
| #endif
| #ifdef HAVE_STDINT_H
| # include <stdint.h>
| #endif
| #ifdef HAVE_UNISTD_H
| # include <unistd.h>
| #endif
| int
| main ()
| {
| if (sizeof ((size_t)))
| 	    return 0;
|   ;
|   return 0;
| }
configure:14751: result: yes
configure:14762: checking whether byte ordering is bigendian
configure:14777: gcc -c -g -O2  conftest.c >&5
configure:14777: $? = 0
configure:14822: gcc -c -g -O2  conftest.c >&5
configure:14822: $? = 0
configure:14840: gcc -c -g -O2  conftest.c >&5
conftest.c:31:4: error: use of undeclared identifier 'not'
                 not big endian
                 ^
1 error generated.
configure:14840: $? = 1
configure: failed program was:
| /* confdefs.h */
| #define PACKAGE_NAME "leptonica"
| #define PACKAGE_TARNAME "leptonica"
| #define PACKAGE_VERSION "1.76.0"
| #define PACKAGE_STRING "leptonica 1.76.0"
| #define PACKAGE_BUGREPORT ""
| #define PACKAGE_URL ""
| #define STDC_HEADERS 1
| #define HAVE_SYS_TYPES_H 1
| #define HAVE_SYS_STAT_H 1
| #define HAVE_STDLIB_H 1
| #define HAVE_STRING_H 1
| #define HAVE_MEMORY_H 1
| #define HAVE_STRINGS_H 1
| #define HAVE_INTTYPES_H 1
| #define HAVE_STDINT_H 1
| #define HAVE_UNISTD_H 1
| #define HAVE_DLFCN_H 1
| #define LT_OBJDIR ".libs/"
| #define PACKAGE "leptonica"
| #define VERSION "1.76.0"
| #define HAVE_LIBZ 1
| /* end confdefs.h.  */
| #include <sys/types.h>
| 		#include <sys/param.h>
| 
| int
| main ()
| {
| #if BYTE_ORDER != BIG_ENDIAN
| 		 not big endian
| 		#endif
| 
|   ;
|   return 0;
| }
configure:14968: result: no
configure:15000: checking whether compiler supports -Wl,--as-needed
configure:15016: gcc -o conftest -g -O2  -Wl,--as-needed  conftest.c  >&5
ld: unknown option: --as-needed
clang: error: linker command failed with exit code 1 (use -v to see invocation)
configure:15016: $? = 1
configure: failed program was:
| /* confdefs.h */
| #define PACKAGE_NAME "leptonica"
| #define PACKAGE_TARNAME "leptonica"
| #define PACKAGE_VERSION "1.76.0"
| #define PACKAGE_STRING "leptonica 1.76.0"
| #define PACKAGE_BUGREPORT ""
| #define PACKAGE_URL ""
| #define STDC_HEADERS 1
| #define HAVE_SYS_TYPES_H 1
| #define HAVE_SYS_STAT_H 1
| #define HAVE_STDLIB_H 1
| #define HAVE_STRING_H 1
| #define HAVE_MEMORY_H 1
| #define HAVE_STRINGS_H 1
| #define HAVE_INTTYPES_H 1
| #define HAVE_STDINT_H 1
| #define HAVE_UNISTD_H 1
| #define HAVE_DLFCN_H 1
| #define LT_OBJDIR ".libs/"
| #define PACKAGE "leptonica"
| #define VERSION "1.76.0"
| #define HAVE_LIBZ 1
| /* end confdefs.h.  */
| 
| int
| main ()
| {
| 
|   ;
|   return 0;
| }
configure:15020: result: no
configure:15030: checking for fmemopen
configure:15030: gcc -o conftest -g -O2   conftest.c  >&5
configure:15030: $? = 0
configure:15030: result: yes
configure:15039: checking for fstatat
configure:15039: gcc -o conftest -g -O2   conftest.c  >&5
configure:15039: $? = 0
configure:15039: result: yes
configure:15156: checking that generated files are newer than configure
configure:15162: result: done
configure:15202: creating ./config.status

## ---------------------- ##
## Running config.status. ##
## ---------------------- ##

This file was extended by leptonica config.status 1.76.0, which was
generated by GNU Autoconf 2.69.  Invocation command line was

  CONFIG_FILES    = 
  CONFIG_HEADERS  = 
  CONFIG_LINKS    = 
  CONFIG_COMMANDS = 
  $ ./config.status 

on Product-Teams-MacBook-Pro.local

config.status:1115: creating Makefile
config.status:1115: creating src/endianness.h
config.status:1115: creating src/Makefile
config.status:1115: creating prog/Makefile
config.status:1115: creating lept.pc
config.status:1115: creating config_auto.h
config.status:1344: executing libtool commands
config.status:1344: executing depfiles commands

## ---------------- ##
## Cache variables. ##
## ---------------- ##

ac_cv_build=x86_64-apple-darwin18.0.0
ac_cv_c_bigendian=no
ac_cv_c_compiler_gnu=yes
ac_cv_env_CC_set=
ac_cv_env_CC_value=
ac_cv_env_CFLAGS_set=
ac_cv_env_CFLAGS_value=
ac_cv_env_CPPFLAGS_set=
ac_cv_env_CPPFLAGS_value=
ac_cv_env_CPP_set=
ac_cv_env_CPP_value=
ac_cv_env_JPEG_CFLAGS_set=
ac_cv_env_JPEG_CFLAGS_value=
ac_cv_env_JPEG_LIBS_set=
ac_cv_env_JPEG_LIBS_value=
ac_cv_env_LDFLAGS_set=
ac_cv_env_LDFLAGS_value=
ac_cv_env_LIBJP2K_CFLAGS_set=
ac_cv_env_LIBJP2K_CFLAGS_value=
ac_cv_env_LIBJP2K_LIBS_set=
ac_cv_env_LIBJP2K_LIBS_value=
ac_cv_env_LIBPNG_CFLAGS_set=
ac_cv_env_LIBPNG_CFLAGS_value=
ac_cv_env_LIBPNG_LIBS_set=
ac_cv_env_LIBPNG_LIBS_value=
ac_cv_env_LIBS_set=
ac_cv_env_LIBS_value=
ac_cv_env_LIBTIFF_CFLAGS_set=
ac_cv_env_LIBTIFF_CFLAGS_value=
ac_cv_env_LIBTIFF_LIBS_set=
ac_cv_env_LIBTIFF_LIBS_value=
ac_cv_env_LIBWEBP_CFLAGS_set=
ac_cv_env_LIBWEBP_CFLAGS_value=
ac_cv_env_LIBWEBP_LIBS_set=
ac_cv_env_LIBWEBP_LIBS_value=
ac_cv_env_LT_SYS_LIBRARY_PATH_set=
ac_cv_env_LT_SYS_LIBRARY_PATH_value=
ac_cv_env_PKG_CONFIG_LIBDIR_set=
ac_cv_env_PKG_CONFIG_LIBDIR_value=
ac_cv_env_PKG_CONFIG_PATH_set=
ac_cv_env_PKG_CONFIG_PATH_value=
ac_cv_env_PKG_CONFIG_set=
ac_cv_env_PKG_CONFIG_value=
ac_cv_env_ZLIB_CFLAGS_set=
ac_cv_env_ZLIB_CFLAGS_value=
ac_cv_env_ZLIB_LIBS_set=
ac_cv_env_ZLIB_LIBS_value=
ac_cv_env_build_alias_set=
ac_cv_env_build_alias_value=
ac_cv_env_host_alias_set=
ac_cv_env_host_alias_value=
ac_cv_env_target_alias_set=
ac_cv_env_target_alias_value=
ac_cv_func_fmemopen=yes
ac_cv_func_fstatat=yes
ac_cv_header_dlfcn_h=yes
ac_cv_header_inttypes_h=yes
ac_cv_header_jpeglib_h=no
ac_cv_header_memory_h=yes
ac_cv_header_openjpeg_2_0_openjpeg_h=no
ac_cv_header_openjpeg_2_1_openjpeg_h=no
ac_cv_header_openjpeg_2_2_openjpeg_h=no
ac_cv_header_openjpeg_2_3_openjpeg_h=no
ac_cv_header_png_h=no
ac_cv_header_stdc=yes
ac_cv_header_stdint_h=yes
ac_cv_header_stdlib_h=yes
ac_cv_header_string_h=yes
ac_cv_header_strings_h=yes
ac_cv_header_sys_stat_h=yes
ac_cv_header_sys_types_h=yes
ac_cv_header_tiff_h=no
ac_cv_header_unistd_h=yes
ac_cv_header_webp_encode_h=no
ac_cv_header_zlib_h=yes
ac_cv_host=x86_64-apple-darwin18.0.0
ac_cv_lib_jpeg_jpeg_read_scanlines=no
ac_cv_lib_openjp2_opj_create_decompress=no
ac_cv_lib_png_png_read_png=no
ac_cv_lib_tiff_TIFFOpen=no
ac_cv_lib_webp_WebPGetInfo=no
ac_cv_lib_z_deflate=yes
ac_cv_objext=o
ac_cv_path_EGREP='/usr/bin/grep -E'
ac_cv_path_FGREP='/usr/bin/grep -F'
ac_cv_path_GREP=/usr/bin/grep
ac_cv_path_SED=/usr/bin/sed
ac_cv_path_ac_pt_PKG_CONFIG=/usr/local/bin/pkg-config
ac_cv_path_install='/usr/local/bin/ginstall -c'
ac_cv_path_lt_DD=/bin/dd
ac_cv_path_mkdir=/usr/local/bin/gmkdir
ac_cv_prog_AWK=awk
ac_cv_prog_CPP='gcc -E'
ac_cv_prog_ac_ct_AR=ar
ac_cv_prog_ac_ct_CC=gcc
ac_cv_prog_ac_ct_DSYMUTIL=dsymutil
ac_cv_prog_ac_ct_LIPO=lipo
ac_cv_prog_ac_ct_NMEDIT=nmedit
ac_cv_prog_ac_ct_OBJDUMP=objdump
ac_cv_prog_ac_ct_OTOOL=otool
ac_cv_prog_ac_ct_RANLIB=ranlib
ac_cv_prog_ac_ct_STRIP=strip
ac_cv_prog_cc_c89=
ac_cv_prog_cc_g=yes
ac_cv_prog_make_make_set=yes
ac_cv_type_size_t=yes
am_cv_CC_dependencies_compiler_type=gcc3
am_cv_make_support_nested_variables=yes
am_cv_prog_cc_c_o=yes
lt_cv_apple_cc_single_mod=yes
lt_cv_ar_at_file=no
lt_cv_deplibs_check_method=pass_all
lt_cv_file_magic_cmd='$MAGIC_CMD'
lt_cv_file_magic_test_file=
lt_cv_ld_exported_symbols_list=yes
lt_cv_ld_force_load=yes
lt_cv_ld_reload_flag=-r
lt_cv_nm_interface='BSD nm'
lt_cv_objdir=.libs
lt_cv_path_LD=/Applications/Xcode.app/Contents/Developer/Toolchains/XcodeDefault.xctoolchain/usr/bin/ld
lt_cv_path_NM='/usr/bin/nm -B'
lt_cv_path_mainfest_tool=no
lt_cv_prog_compiler_c_o=yes
lt_cv_prog_compiler_pic='-fno-common -DPIC'
lt_cv_prog_compiler_pic_works=yes
lt_cv_prog_compiler_rtti_exceptions=yes
lt_cv_prog_compiler_static_works=no
lt_cv_prog_gnu_ld=no
lt_cv_sharedlib_from_linklib_cmd='printf %s\n'
lt_cv_sys_global_symbol_pipe='sed -n -e '\''s/^.*[	 ]\([BCDEGRST][BCDEGRST]*\)[	 ][	 ]*_\([_A-Za-z][_A-Za-z0-9]*\)$/\1 _\2 \2/p'\'' | sed '\''/ __gnu_lto/d'\'''
lt_cv_sys_global_symbol_to_c_name_address='sed -n -e '\''s/^: \(.*\) .*$/  {"\1", (void *) 0},/p'\'' -e '\''s/^[BCDEGRST][BCDEGRST]* .* \(.*\)$/  {"\1", (void *) \&\1},/p'\'''
lt_cv_sys_global_symbol_to_c_name_address_lib_prefix='sed -n -e '\''s/^: \(.*\) .*$/  {"\1", (void *) 0},/p'\'' -e '\''s/^[BCDEGRST][BCDEGRST]* .* \(lib.*\)$/  {"\1", (void *) \&\1},/p'\'' -e '\''s/^[BCDEGRST][BCDEGRST]* .* \(.*\)$/  {"lib\1", (void *) \&\1},/p'\'''
lt_cv_sys_global_symbol_to_cdecl='sed -n -e '\''s/^T .* \(.*\)$/extern int \1();/p'\'' -e '\''s/^[BCDEGRST][BCDEGRST]* .* \(.*\)$/extern char \1;/p'\'''
lt_cv_sys_global_symbol_to_import=
lt_cv_sys_max_cmd_len=196608
lt_cv_to_host_file_cmd=func_convert_file_noop
lt_cv_to_tool_file_cmd=func_convert_file_noop
lt_cv_truncate_bin='/bin/dd bs=4096 count=1'

## ----------------- ##
## Output variables. ##
## ----------------- ##

ACLOCAL='${SHELL} /Users/C2lBiz/Downloads/tesseract/leptonica-1.76.0/config/missing aclocal-1.15'
AMDEPBACKSLASH='\'
AMDEP_FALSE='#'
AMDEP_TRUE=''
AMTAR='$${TAR-tar}'
AM_BACKSLASH='\'
AM_DEFAULT_V='$(AM_DEFAULT_VERBOSITY)'
AM_DEFAULT_VERBOSITY='0'
AM_V='$(V)'
APPLE_UNIVERSAL_BUILD='0'
AR='ar'
AUTOCONF='${SHELL} /Users/C2lBiz/Downloads/tesseract/leptonica-1.76.0/config/missing autoconf'
AUTOHEADER='${SHELL} /Users/C2lBiz/Downloads/tesseract/leptonica-1.76.0/config/missing autoheader'
AUTOMAKE='${SHELL} /Users/C2lBiz/Downloads/tesseract/leptonica-1.76.0/config/missing automake-1.15'
AWK='awk'
CC='gcc'
CCDEPMODE='depmode=gcc3'
CFLAGS='-g -O2'
CPP='gcc -E'
CPPFLAGS=''
CYGPATH_W='echo'
DEFS='-DHAVE_CONFIG_H'
DEPDIR='.deps'
DLLTOOL='false'
DSYMUTIL='dsymutil'
DUMPBIN=''
ECHO_C='\c'
ECHO_N=''
ECHO_T=''
EGREP='/usr/bin/grep -E'
ENABLE_PROGRAMS_FALSE='#'
ENABLE_PROGRAMS_TRUE=''
ENDIANNESS='L_LITTLE_ENDIAN'
EXEEXT=''
FGREP='/usr/bin/grep -F'
GDI_LIBS=''
GIFLIB_LIBS=''
GREP='/usr/bin/grep'
HAVE_LIBGIF_FALSE=''
HAVE_LIBGIF_TRUE='#'
HAVE_LIBJP2K_FALSE=''
HAVE_LIBJP2K_TRUE='#'
HAVE_LIBWEBP_FALSE=''
HAVE_LIBWEBP_TRUE='#'
INSTALL_DATA='${INSTALL} -m 644'
INSTALL_PROGRAM='${INSTALL}'
INSTALL_SCRIPT='${INSTALL}'
INSTALL_STRIP_PROGRAM='$(install_sh) -c -s'
JPEG_CFLAGS=''
JPEG_LIBS=''
LD='/Applications/Xcode.app/Contents/Developer/Toolchains/XcodeDefault.xctoolchain/usr/bin/ld'
LDFLAGS=''
LIBJP2K_CFLAGS=''
LIBJP2K_LIBS=''
LIBM=''
LIBOBJS=''
LIBPNG_CFLAGS=''
LIBPNG_LIBS=''
LIBS=''
LIBTIFF_CFLAGS=''
LIBTIFF_LIBS=''
LIBTOOL='$(SHELL) $(top_builddir)/libtool'
LIBWEBP_CFLAGS=''
LIBWEBP_LIBS=''
LIPO='lipo'
LN_S='ln -s'
LTLIBOBJS=''
LT_SYS_LIBRARY_PATH=''
MAKEINFO='${SHELL} /Users/C2lBiz/Downloads/tesseract/leptonica-1.76.0/config/missing makeinfo'
MANIFEST_TOOL=':'
MKDIR_P='/usr/local/bin/gmkdir -p'
NM='/usr/bin/nm -B'
NMEDIT='nmedit'
OBJDUMP='objdump'
OBJEXT='o'
OTOOL64=':'
OTOOL='otool'
PACKAGE='leptonica'
PACKAGE_BUGREPORT=''
PACKAGE_NAME='leptonica'
PACKAGE_STRING='leptonica 1.76.0'
PACKAGE_TARNAME='leptonica'
PACKAGE_URL=''
PACKAGE_VERSION='1.76.0'
PATH_SEPARATOR=':'
PKG_CONFIG='/usr/local/bin/pkg-config'
PKG_CONFIG_LIBDIR=''
PKG_CONFIG_PATH=''
RANLIB='ranlib'
SED='/usr/bin/sed'
SET_MAKE=''
SHELL='/bin/sh'
STRIP='strip'
VERSION='1.76.0'
ZLIB_CFLAGS=''
ZLIB_LIBS='-lz'
ac_ct_AR='ar'
ac_ct_CC='gcc'
ac_ct_DUMPBIN=''
am__EXEEXT_FALSE=''
am__EXEEXT_TRUE='#'
am__fastdepCC_FALSE='#'
am__fastdepCC_TRUE=''
am__include='include'
am__isrc=''
am__leading_dot='.'
am__nodep='_no'
am__quote=''
am__tar='$${TAR-tar} chof - "$$tardir"'
am__untar='$${TAR-tar} xf -'
bindir='${exec_prefix}/bin'
build='x86_64-apple-darwin18.0.0'
build_alias=''
build_cpu='x86_64'
build_os='darwin18.0.0'
build_vendor='apple'
datadir='${datarootdir}'
datarootdir='${prefix}/share'
docdir='${datarootdir}/doc/${PACKAGE_TARNAME}'
dvidir='${docdir}'
exec_prefix='${prefix}'
host='x86_64-apple-darwin18.0.0'
host_alias=''
host_cpu='x86_64'
host_os='darwin18.0.0'
host_vendor='apple'
htmldir='${docdir}'
includedir='${prefix}/include'
infodir='${datarootdir}/info'
install_sh='${SHELL} /Users/C2lBiz/Downloads/tesseract/leptonica-1.76.0/config/install-sh'
libdir='${exec_prefix}/lib'
libexecdir='${exec_prefix}/libexec'
localedir='${datarootdir}/locale'
localstatedir='${prefix}/var'
mandir='${datarootdir}/man'
mkdir_p='$(MKDIR_P)'
oldincludedir='/usr/include'
pdfdir='${docdir}'
prefix='/usr/local'
program_transform_name='s,x,x,'
psdir='${docdir}'
runstatedir='${localstatedir}/run'
sbindir='${exec_prefix}/sbin'
sharedstatedir='${prefix}/com'
sysconfdir='${prefix}/etc'
target_alias=''

## ----------- ##
## confdefs.h. ##
## ----------- ##

/* confdefs.h */
#define PACKAGE_NAME "leptonica"
#define PACKAGE_TARNAME "leptonica"
#define PACKAGE_VERSION "1.76.0"
#define PACKAGE_STRING "leptonica 1.76.0"
#define PACKAGE_BUGREPORT ""
#define PACKAGE_URL ""
#define STDC_HEADERS 1
#define HAVE_SYS_TYPES_H 1
#define HAVE_SYS_STAT_H 1
#define HAVE_STDLIB_H 1
#define HAVE_STRING_H 1
#define HAVE_MEMORY_H 1
#define HAVE_STRINGS_H 1
#define HAVE_INTTYPES_H 1
#define HAVE_STDINT_H 1
#define HAVE_UNISTD_H 1
#define HAVE_DLFCN_H 1
#define LT_OBJDIR ".libs/"
#define PACKAGE "leptonica"
#define VERSION "1.76.0"
#define HAVE_LIBZ 1
#define HAVE_FMEMOPEN 1

configure: exit 0
